<?xml version="1.0" encoding="UTF-8"?>
<!-- Generated by org.testng.reporters.JUnitReportReporter -->
<testsuite hostname="NTB-257" failures="0" tests="2" name="Academy.SeleniumFrameworkAgain0901.StandAloneTest167" time="24.038" errors="0" timestamp="2023-01-10T17:03:15 CET" skipped="0">
  <testcase classname="Academy.SeleniumFrameworkAgain0901.StandAloneTest167" name="ordersHistoryValidation" time="7.360"/>
  <system-out/>
  <testcase classname="Academy.SeleniumFrameworkAgain0901.StandAloneTest167" name="submitOrder" time="16.678"/>
  <system-out/>
</testsuite> <!-- Academy.SeleniumFrameworkAgain0901.StandAloneTest167 -->
