<?xml version="1.0" encoding="UTF-8"?>
<!-- Generated by org.testng.reporters.JUnitReportReporter -->
<testsuite hostname="NTB-257" failures="0" tests="1" name="Academy.SeleniumFrameworkAgain0901.StandAloneTest164" time="19.817" errors="0" timestamp="2023-01-10T16:25:51 CET" skipped="0">
  <testcase classname="Academy.SeleniumFrameworkAgain0901.StandAloneTest164" name="submitOrder" time="19.817"/>
  <system-out/>
</testsuite> <!-- Academy.SeleniumFrameworkAgain0901.StandAloneTest164 -->
