<?xml version="1.0" encoding="UTF-8"?>
<!-- Generated by org.testng.reporters.JUnitReportReporter -->
<testsuite hostname="NTB-257" failures="0" tests="1" name="Academy.Cucumber.TestNGTestRunner" time="8.624" errors="0" timestamp="2023-01-13T15:11:50 CET" skipped="0">
  <testcase classname="Academy.Cucumber.TestNGTestRunner" name="runScenario" time="8.624"/>
  <system-out/>
</testsuite> <!-- Academy.Cucumber.TestNGTestRunner -->
