<?xml version="1.0" encoding="UTF-8"?>
<!-- Generated by org.testng.reporters.JUnitReportReporter -->
<testsuite hostname="NTB-257" failures="0" tests="2" name="Academy.SeleniumFrameworkAgain0901.StandAloneTest169" time="33.176" errors="0" timestamp="2023-01-11T12:59:19 CET" skipped="0">
  <testcase classname="Academy.SeleniumFrameworkAgain0901.StandAloneTest169" name="submitOrder" time="15.032"/>
  <system-out/>
  <testcase classname="Academy.SeleniumFrameworkAgain0901.StandAloneTest169" name="submitOrder" time="18.144"/>
  <system-out/>
</testsuite> <!-- Academy.SeleniumFrameworkAgain0901.StandAloneTest169 -->
