<?xml version="1.0" encoding="UTF-8"?>
<!-- Generated by org.testng.reporters.JUnitReportReporter -->
<testsuite hostname="NTB-257" failures="0" tests="2" name="Academy.Cucumber.TestNGTestRunner" time="36.748" errors="0" timestamp="2023-01-13T15:28:38 CET" skipped="0">
  <testcase classname="Academy.Cucumber.TestNGTestRunner" name="runScenario" time="20.516"/>
  <system-out/>
  <testcase classname="Academy.Cucumber.TestNGTestRunner" name="runScenario" time="16.232"/>
  <system-out/>
</testsuite> <!-- Academy.Cucumber.TestNGTestRunner -->
