<?xml version="1.0" encoding="UTF-8"?>
<!-- Generated by org.testng.reporters.JUnitReportReporter -->
<testsuite hostname="NTB-257" failures="0" tests="2" name="Academy.SeleniumFrameworkAgain0901.StandAloneTest165ErrorValidations" time="29.432" errors="0" timestamp="2023-01-12T14:55:59 CET" skipped="0">
  <testcase classname="Academy.SeleniumFrameworkAgain0901.StandAloneTest165ErrorValidations" name="productNotInCart" time="16.896"/>
  <system-out/>
  <testcase classname="Academy.SeleniumFrameworkAgain0901.StandAloneTest165ErrorValidations" name="loginWrongCredentials" time="12.536"/>
  <system-out/>
</testsuite> <!-- Academy.SeleniumFrameworkAgain0901.StandAloneTest165ErrorValidations -->
