<?xml version="1.0" encoding="UTF-8"?>
<!-- Generated by org.testng.reporters.JUnitReportReporter -->
<testsuite hostname="NTB-257" failures="0" tests="2" name="Academy.SeleniumFrameworkAgain0901.StandAloneTest171" time="32.019" errors="0" timestamp="2023-01-13T15:22:34 CET" skipped="0">
  <testcase classname="Academy.SeleniumFrameworkAgain0901.StandAloneTest171" name="submitOrder" time="14.915"/>
  <system-out/>
  <testcase classname="Academy.SeleniumFrameworkAgain0901.StandAloneTest171" name="submitOrder" time="17.104"/>
  <system-out/>
</testsuite> <!-- Academy.SeleniumFrameworkAgain0901.StandAloneTest171 -->
